TN:
SF:/Applications/XAMPP/xamppfiles/htdocs/contracts/moj/bar-web/src/polyfills.ts
FNF:0
FNH:0
DA:23,1
DA:29,1
DA:31,1
DA:46,1
DA:60,1
LF:5
LH:5
BRF:0
BRH:0
end_of_record
TN:
SF:/Applications/XAMPP/xamppfiles/htdocs/contracts/moj/bar-web/src/test.ts
FN:21,(anonymous_0)
FNF:1
FNH:1
FNDA:1,(anonymous_0)
DA:3,1
DA:4,1
DA:5,1
DA:6,1
DA:7,1
DA:8,1
DA:9,1
DA:10,1
DA:14,1
DA:21,1
DA:24,1
DA:29,1
DA:31,1
DA:33,1
LF:14
LH:14
BRF:0
BRH:0
end_of_record
TN:
SF:/Applications/XAMPP/xamppfiles/htdocs/contracts/moj/bar-web/src/app/components/dashboard/dashboard.component.ts
FN:17,(anonymous_14)
FN:25,DashboardComponent
FN:33,(anonymous_16)
FN:41,(anonymous_19)
FN:53,(anonymous_20)
FN:69,(anonymous_23)
FN:78,(anonymous_24)
FN:83,(anonymous_25)
FN:87,(anonymous_26)
FN:99,(anonymous_29)
FN:118,(anonymous_30)
FN:129,(anonymous_33)
FN:147,(anonymous_34)
FNF:13
FNH:3
FNDA:1,(anonymous_14)
FNDA:3,DashboardComponent
FNDA:3,(anonymous_16)
FNDA:0,(anonymous_19)
FNDA:0,(anonymous_20)
FNDA:0,(anonymous_23)
FNDA:0,(anonymous_24)
FNDA:0,(anonymous_25)
FNDA:0,(anonymous_26)
FNDA:0,(anonymous_29)
FNDA:0,(anonymous_30)
FNDA:0,(anonymous_33)
FNDA:0,(anonymous_34)
DA:1,1
DA:2,1
DA:3,1
DA:4,1
DA:5,1
DA:7,1
DA:8,1
DA:17,1
DA:18,3
DA:19,3
DA:20,3
DA:21,3
DA:22,3
DA:23,3
DA:26,3
DA:27,3
DA:28,3
DA:29,3
DA:30,3
DA:33,1
DA:34,3
DA:36,3
DA:39,0
DA:41,0
DA:42,0
DA:43,0
DA:44,0
DA:45,0
DA:47,0
DA:53,1
DA:56,0
DA:57,0
DA:58,0
DA:59,0
DA:60,0
DA:62,0
DA:65,0
DA:69,1
DA:71,0
DA:72,0
DA:74,0
DA:78,1
DA:79,0
DA:80,0
DA:83,1
DA:84,0
DA:87,1
DA:89,0
DA:90,0
DA:91,0
DA:93,0
DA:95,0
DA:99,1
DA:100,0
DA:102,0
DA:103,0
DA:104,0
DA:105,0
DA:108,0
DA:109,0
DA:110,0
DA:115,0
DA:118,1
DA:120,0
DA:121,0
DA:122,0
DA:125,0
DA:129,1
DA:130,0
DA:131,0
DA:132,0
DA:136,0
DA:137,0
DA:139,0
DA:144,0
DA:147,1
DA:148,0
DA:149,0
DA:150,0
DA:153,0
DA:155,0
DA:156,0
DA:158,1
LF:83
LH:32
BRDA:34,0,0,3
BRDA:34,0,1,0
BRDA:42,1,0,0
BRDA:42,1,1,0
BRDA:44,2,0,0
BRDA:44,2,1,0
BRDA:59,3,0,0
BRDA:59,3,1,0
BRDA:71,4,0,0
BRDA:71,4,1,0
BRDA:103,5,0,0
BRDA:103,5,1,0
BRDA:104,6,0,0
BRDA:104,6,1,0
BRDA:104,7,0,0
BRDA:104,7,1,0
BRDA:108,8,0,0
BRDA:108,8,1,0
BRDA:132,9,0,0
BRDA:132,9,1,0
BRDA:133,10,0,0
BRDA:133,10,1,0
BRDA:136,11,0,0
BRDA:136,11,1,0
BRDA:148,12,0,0
BRDA:148,12,1,0
BRDA:26,13,0,1
BRDA:26,13,1,0
BRDA:26,14,0,1
BRDA:26,15,0,1
BRDA:26,15,1,1
BRDA:26,15,2,0
BRDA:26,16,0,1
BRDA:26,16,1,1
BRDA:27,17,0,1
BRDA:27,17,1,1
BRDA:27,17,2,0
BRDA:27,18,0,1
BRDA:27,18,1,1
BRDA:28,19,0,1
BRDA:28,19,1,1
BRDA:28,19,2,0
BRDA:28,20,0,1
BRDA:28,20,1,1
BRDA:29,21,0,1
BRDA:29,21,1,1
BRDA:29,21,2,0
BRDA:29,22,0,1
BRDA:29,22,1,1
BRF:49
BRH:19
end_of_record
TN:
SF:/Applications/XAMPP/xamppfiles/htdocs/contracts/moj/bar-web/src/app/components/feelog/feelog.component.ts
FN:16,(anonymous_14)
FN:19,FeelogComponent
FN:24,(anonymous_16)
FN:32,(anonymous_19)
FN:34,(anonymous_20)
FN:48,(anonymous_23)
FNF:6
FNH:3
FNDA:1,(anonymous_14)
FNDA:1,FeelogComponent
FNDA:1,(anonymous_16)
FNDA:0,(anonymous_19)
FNDA:0,(anonymous_20)
FNDA:0,(anonymous_23)
DA:1,1
DA:2,1
DA:4,1
DA:7,1
DA:8,1
DA:16,1
DA:17,1
DA:20,1
DA:21,1
DA:22,1
DA:24,1
DA:25,1
DA:26,1
DA:28,0
DA:32,1
DA:34,1
DA:35,0
DA:37,0
DA:38,0
DA:39,0
DA:40,0
DA:41,0
DA:44,0
DA:48,1
DA:49,0
DA:50,0
DA:52,0
DA:53,0
DA:55,0
DA:56,0
DA:58,0
DA:59,0
DA:61,0
DA:63,0
DA:66,1
LF:35
LH:17
BRDA:25,0,0,1
BRDA:25,0,1,0
BRDA:51,1,0,0
BRDA:51,1,1,0
BRDA:51,1,2,0
BRDA:51,1,3,0
BRDA:20,2,0,1
BRDA:20,2,1,0
BRDA:20,3,0,1
BRDA:20,4,0,1
BRDA:20,4,1,1
BRDA:20,4,2,0
BRDA:20,5,0,1
BRDA:20,5,1,1
BRDA:21,6,0,1
BRDA:21,6,1,1
BRDA:21,6,2,0
BRDA:21,7,0,1
BRDA:21,7,1,1
BRF:19
BRH:11
end_of_record
TN:
SF:/Applications/XAMPP/xamppfiles/htdocs/contracts/moj/bar-web/src/app/components/feelogedit/feelogedit.component.ts
FN:13,(anonymous_14)
FN:17,FeelogeditComponent
FN:23,(anonymous_16)
FN:28,(anonymous_17)
FN:40,(anonymous_18)
FNF:5
FNH:5
FNDA:1,(anonymous_14)
FNDA:1,FeelogeditComponent
FNDA:1,(anonymous_16)
FNDA:1,(anonymous_17)
FNDA:1,(anonymous_18)
DA:1,1
DA:2,1
DA:3,1
DA:4,1
DA:5,1
DA:13,1
DA:15,1
DA:18,1
DA:19,1
DA:20,1
DA:21,1
DA:23,1
DA:24,1
DA:25,1
DA:28,1
DA:29,1
DA:30,1
DA:31,1
DA:32,1
DA:34,0
DA:40,1
DA:42,1
DA:43,1
DA:44,1
DA:47,0
DA:51,1
LF:26
LH:24
BRDA:24,0,0,1
BRDA:24,0,1,0
BRDA:29,1,0,1
BRDA:29,1,1,0
BRDA:31,2,0,1
BRDA:31,2,1,0
BRDA:43,3,0,1
BRDA:43,3,1,0
BRDA:18,4,0,1
BRDA:18,4,1,0
BRDA:18,5,0,1
BRDA:18,6,0,1
BRDA:18,6,1,1
BRDA:18,6,2,0
BRDA:18,7,0,1
BRDA:18,7,1,1
BRDA:19,8,0,1
BRDA:19,8,1,1
BRDA:19,8,2,0
BRDA:19,9,0,1
BRDA:19,9,1,1
BRDA:20,10,0,1
BRDA:20,10,1,1
BRDA:20,10,2,0
BRDA:20,11,0,1
BRDA:20,11,1,1
BRF:26
BRH:18
end_of_record
TN:
SF:/Applications/XAMPP/xamppfiles/htdocs/contracts/moj/bar-web/src/app/components/login/login.component.ts
FN:10,(anonymous_14)
FN:14,LoginComponent
FN:16,(anonymous_16)
FN:22,(anonymous_19)
FNF:4
FNH:3
FNDA:1,(anonymous_14)
FNDA:1,LoginComponent
FNDA:1,(anonymous_16)
FNDA:0,(anonymous_19)
DA:1,1
DA:2,1
DA:3,1
DA:10,1
DA:12,1
DA:14,1
DA:16,1
DA:17,1
DA:18,0
DA:22,1
DA:23,0
DA:24,0
DA:25,0
DA:26,0
DA:30,1
LF:15
LH:10
BRDA:17,0,0,0
BRDA:17,0,1,1
BRDA:23,1,0,0
BRDA:23,1,1,0
BRDA:23,2,0,0
BRDA:23,2,1,0
BRDA:25,3,0,0
BRDA:25,3,1,0
BRDA:25,4,0,0
BRDA:25,4,1,0
BRDA:14,5,0,1
BRDA:14,5,1,0
BRDA:14,6,0,1
BRDA:14,7,0,1
BRDA:14,7,1,1
BRDA:14,7,2,0
BRDA:14,8,0,1
BRDA:14,8,1,1
BRF:18
BRH:7
end_of_record
TN:
SF:/Applications/XAMPP/xamppfiles/htdocs/contracts/moj/bar-web/src/app/components/login-form/login-form.component.ts
FN:10,(anonymous_2)
FN:14,LoginFormComponent
FN:16,(anonymous_4)
FN:18,(anonymous_5)
FNF:4
FNH:3
FNDA:1,(anonymous_2)
FNDA:2,LoginFormComponent
FNDA:2,(anonymous_4)
FNDA:0,(anonymous_5)
DA:1,1
DA:2,1
DA:3,1
DA:10,1
DA:11,3
DA:12,2
DA:14,2
DA:16,1
DA:18,1
DA:19,0
DA:20,0
DA:21,0
DA:24,1
LF:13
LH:10
BRDA:11,0,0,1
BRDA:11,0,1,0
BRDA:11,1,0,1
BRDA:14,2,0,1
BRDA:14,2,1,0
BRDA:14,3,0,1
BRF:6
BRH:4
end_of_record
TN:
SF:/Applications/XAMPP/xamppfiles/htdocs/contracts/moj/bar-web/src/app/components/login-form/login-form.model.ts
FN:1,(anonymous_0)
FN:5,LoginFormModel
FNF:2
FNH:2
FNDA:1,(anonymous_0)
FNDA:2,LoginFormModel
DA:1,1
DA:5,2
DA:6,2
DA:7,2
DA:9,1
LF:5
LH:5
BRF:0
BRH:0
end_of_record
TN:
SF:/Applications/XAMPP/xamppfiles/htdocs/contracts/moj/bar-web/src/app/components/modal/modal.component.ts
FN:8,(anonymous_2)
FN:18,ModalComponent
FN:20,(anonymous_4)
FN:23,(anonymous_5)
FNF:4
FNH:3
FNDA:1,(anonymous_2)
FNDA:4,ModalComponent
FNDA:4,(anonymous_4)
FNDA:0,(anonymous_5)
DA:1,1
DA:8,1
DA:10,1
DA:13,1
DA:16,5
DA:20,1
DA:23,1
DA:24,0
DA:27,1
LF:9
LH:8
BRF:0
BRH:0
end_of_record
TN:
SF:/Applications/XAMPP/xamppfiles/htdocs/contracts/moj/bar-web/src/app/components/navigation/navigation.component.ts
FN:11,(anonymous_2)
FN:14,NavigationComponent
FN:18,(anonymous_4)
FN:21,(anonymous_5)
FN:25,(anonymous_6)
FNF:5
FNH:5
FNDA:1,(anonymous_2)
FNDA:1,NavigationComponent
FNDA:1,(anonymous_4)
FNDA:2,(anonymous_5)
FNDA:8,(anonymous_6)
DA:1,1
DA:2,1
DA:4,1
DA:11,1
DA:12,1
DA:15,1
DA:16,1
DA:18,1
DA:21,1
DA:22,2
DA:25,1
DA:26,8
DA:29,1
LF:13
LH:13
BRDA:15,0,0,1
BRDA:15,0,1,0
BRDA:15,1,0,1
BRDA:15,2,0,1
BRDA:15,2,1,1
BRDA:15,2,2,0
BRDA:15,3,0,1
BRDA:15,3,1,1
BRF:8
BRH:6
end_of_record
TN:
SF:/Applications/XAMPP/xamppfiles/htdocs/contracts/moj/bar-web/src/app/components/paymentslog/paymentslog.component.ts
FN:16,(anonymous_14)
FN:23,PaymentslogComponent
FN:30,(anonymous_16)
FN:38,(anonymous_19)
FN:39,(anonymous_20)
FN:53,(anonymous_21)
FN:70,(anonymous_24)
FN:80,(anonymous_25)
FN:81,(anonymous_28)
FN:86,(anonymous_29)
FN:100,(anonymous_32)
FN:112,(anonymous_33)
FNF:12
FNH:4
FNDA:1,(anonymous_14)
FNDA:1,PaymentslogComponent
FNDA:1,(anonymous_16)
FNDA:0,(anonymous_19)
FNDA:0,(anonymous_20)
FNDA:0,(anonymous_21)
FNDA:0,(anonymous_24)
FNDA:0,(anonymous_25)
FNDA:0,(anonymous_28)
FNDA:1,(anonymous_29)
FNDA:0,(anonymous_32)
FNDA:0,(anonymous_33)
DA:1,1
DA:2,1
DA:3,1
DA:5,1
DA:6,1
DA:7,1
DA:16,1
DA:18,1
DA:19,1
DA:20,1
DA:21,1
DA:24,1
DA:25,1
DA:26,1
DA:27,1
DA:30,1
DA:31,1
DA:32,1
DA:35,1
DA:38,1
DA:39,0
DA:40,0
DA:42,0
DA:43,0
DA:44,0
DA:46,0
DA:47,0
DA:49,0
DA:53,1
DA:55,0
DA:56,0
DA:57,0
DA:61,0
DA:62,0
DA:63,0
DA:66,0
DA:70,1
DA:71,0
DA:73,0
DA:74,0
DA:77,0
DA:80,1
DA:81,0
DA:82,0
DA:83,0
DA:86,1
DA:87,1
DA:89,1
DA:90,0
DA:91,0
DA:92,0
DA:95,0
DA:100,1
DA:101,0
DA:102,0
DA:103,0
DA:104,0
DA:105,0
DA:109,0
DA:112,1
DA:113,0
DA:114,0
DA:115,0
DA:116,0
DA:120,0
DA:122,1
LF:66
LH:29
BRDA:31,0,0,1
BRDA:31,0,1,0
BRDA:46,1,0,0
BRDA:46,1,1,0
BRDA:56,2,0,0
BRDA:56,2,1,0
BRDA:103,3,0,0
BRDA:103,3,1,0
BRDA:115,4,0,0
BRDA:115,4,1,0
BRDA:24,5,0,1
BRDA:24,5,1,0
BRDA:24,6,0,1
BRDA:24,7,0,1
BRDA:24,7,1,1
BRDA:24,7,2,0
BRDA:24,8,0,1
BRDA:24,8,1,1
BRDA:25,9,0,1
BRDA:25,9,1,1
BRDA:25,9,2,0
BRDA:25,10,0,1
BRDA:25,10,1,1
BRDA:26,11,0,1
BRDA:26,11,1,1
BRDA:26,11,2,0
BRDA:26,12,0,1
BRDA:26,12,1,1
BRF:28
BRH:15
end_of_record
TN:
SF:/Applications/XAMPP/xamppfiles/htdocs/contracts/moj/bar-web/src/app/components/phase-banner/phase-banner.component.ts
FN:8,(anonymous_2)
FN:11,PhaseBannerComponent
FN:13,(anonymous_4)
FNF:3
FNH:3
FNDA:1,(anonymous_2)
FNDA:1,PhaseBannerComponent
FNDA:1,(anonymous_4)
DA:1,1
DA:8,1
DA:9,1
DA:13,1
DA:16,1
LF:5
LH:5
BRF:0
BRH:0
end_of_record
TN:
SF:/Applications/XAMPP/xamppfiles/htdocs/contracts/moj/bar-web/src/app/directives/numbers-only.directive.ts
FN:6,(anonymous_2)
FN:8,NumbersOnlyDirective
FN:12,(anonymous_4)
FNF:3
FNH:2
FNDA:1,(anonymous_2)
FNDA:13,NumbersOnlyDirective
FNDA:0,(anonymous_4)
DA:1,1
DA:6,1
DA:8,13
DA:10,1
DA:12,2
DA:13,0
DA:14,0
DA:15,0
DA:27,0
DA:30,0
DA:31,0
DA:35,1
LF:12
LH:6
BRDA:14,0,0,0
BRDA:14,0,1,0
BRDA:15,1,0,0
BRDA:15,1,1,0
BRDA:15,2,0,0
BRDA:15,2,1,0
BRDA:15,2,2,0
BRDA:15,2,3,0
BRDA:15,2,4,0
BRDA:15,2,5,0
BRDA:15,2,6,0
BRDA:15,2,7,0
BRDA:15,2,8,0
BRDA:15,2,9,0
BRDA:15,2,10,0
BRDA:15,2,11,0
BRDA:15,2,12,0
BRDA:15,2,13,0
BRDA:15,2,14,0
BRDA:30,3,0,0
BRDA:30,3,1,0
BRDA:30,4,0,0
BRDA:30,4,1,0
BRDA:30,4,2,0
BRDA:30,4,3,0
BRDA:30,4,4,0
BRDA:8,5,0,1
BRDA:8,5,1,0
BRDA:8,6,0,1
BRF:29
BRH:2
end_of_record
TN:
SF:/Applications/XAMPP/xamppfiles/htdocs/contracts/moj/bar-web/src/app/models/feelog.model.ts
FN:4,(anonymous_5)
FNF:1
FNH:1
FNDA:2,(anonymous_5)
DA:2,1
DA:4,1
LF:2
LH:2
BRF:0
BRH:0
end_of_record
TN:
SF:/Applications/XAMPP/xamppfiles/htdocs/contracts/moj/bar-web/src/app/models/payment-parent.model.ts
FN:3,(anonymous_0)
FNF:1
FNH:1
FNDA:5,(anonymous_0)
DA:3,1
DA:18,1
LF:2
LH:2
BRF:0
BRH:0
end_of_record
TN:
SF:/Applications/XAMPP/xamppfiles/htdocs/contracts/moj/bar-web/src/app/models/paymentinstruction.model.ts
FN:5,(anonymous_5)
FNF:1
FNH:1
FNDA:4,(anonymous_5)
DA:1,1
DA:5,3
DA:6,3
DA:7,1
LF:4
LH:4
BRDA:5,0,0,3
BRDA:5,0,1,3
BRDA:5,0,2,3
BRF:3
BRH:3
end_of_record
TN:
SF:/Applications/XAMPP/xamppfiles/htdocs/contracts/moj/bar-web/src/app/models/paymentstatus.model.ts
FN:1,(anonymous_0)
FNF:1
FNH:1
FNDA:1,(anonymous_0)
DA:1,1
DA:2,1
DA:3,1
DA:4,1
LF:4
LH:4
BRF:0
BRH:0
end_of_record
TN:
SF:/Applications/XAMPP/xamppfiles/htdocs/contracts/moj/bar-web/src/app/pipes/upper-case-first.pipe.ts
FN:6,(anonymous_1)
FN:6,UpperCaseFirstPipe
FN:8,(anonymous_3)
FNF:3
FNH:2
FNDA:1,(anonymous_1)
FNDA:1,UpperCaseFirstPipe
FNDA:0,(anonymous_3)
DA:1,1
DA:6,1
DA:8,1
DA:9,0
DA:10,0
DA:12,0
DA:13,0
DA:16,1
LF:8
LH:4
BRDA:9,0,0,0
BRDA:9,0,1,0
BRF:2
BRH:0
end_of_record
TN:
SF:/Applications/XAMPP/xamppfiles/htdocs/contracts/moj/bar-web/src/app/services/feelog/feelog.service.ts
FN:6,(anonymous_2)
FN:9,FeelogService
FN:11,(anonymous_4)
FNF:3
FNH:2
FNDA:1,(anonymous_2)
FNDA:1,FeelogService
FNDA:0,(anonymous_4)
DA:1,1
DA:2,1
DA:3,1
DA:6,1
DA:7,1
DA:9,1
DA:11,1
DA:12,0
DA:16,1
LF:9
LH:8
BRDA:9,0,0,1
BRDA:9,0,1,0
BRDA:9,1,0,1
BRF:3
BRH:2
end_of_record
TN:
SF:/Applications/XAMPP/xamppfiles/htdocs/contracts/moj/bar-web/src/app/services/navigationtracker/navigation-tracker.service.ts
FN:4,(anonymous_2)
FN:8,NavigationTrackerService
FN:10,(anonymous_4)
FNF:3
FNH:2
FNDA:1,(anonymous_2)
FNDA:2,NavigationTrackerService
FNDA:0,(anonymous_4)
DA:1,1
DA:4,1
DA:6,2
DA:10,1
DA:11,0
DA:14,1
LF:6
LH:5
BRF:0
BRH:0
end_of_record
TN:
SF:/Applications/XAMPP/xamppfiles/htdocs/contracts/moj/bar-web/src/app/services/paymentslog/paymentslog.service.ts
FN:7,(anonymous_2)
FN:9,PaymentslogService
FN:11,(anonymous_4)
FN:17,(anonymous_5)
FN:23,(anonymous_6)
FN:29,(anonymous_7)
FNF:6
FNH:4
FNDA:1,(anonymous_2)
FNDA:7,PaymentslogService
FNDA:1,(anonymous_4)
FNDA:1,(anonymous_5)
FNDA:0,(anonymous_6)
FNDA:0,(anonymous_7)
DA:1,1
DA:2,1
DA:3,1
DA:7,1
DA:9,7
DA:11,1
DA:12,1
DA:17,1
DA:18,1
DA:23,1
DA:24,0
DA:29,1
DA:30,0
DA:34,1
LF:14
LH:12
BRDA:9,0,0,1
BRDA:9,0,1,0
BRDA:9,1,0,1
BRF:3
BRH:2
end_of_record
TN:
SF:/Applications/XAMPP/xamppfiles/htdocs/contracts/moj/bar-web/src/app/services/paymenttype/paymenttype.service.ts
FN:7,(anonymous_2)
FN:9,PaymenttypeService
FN:11,(anonymous_4)
FN:17,(anonymous_5)
FNF:4
FNH:2
FNDA:1,(anonymous_2)
FNDA:5,PaymenttypeService
FNDA:0,(anonymous_4)
FNDA:0,(anonymous_5)
DA:1,1
DA:2,1
DA:3,1
DA:7,1
DA:9,5
DA:11,1
DA:12,0
DA:17,1
DA:18,0
DA:19,0
DA:21,0
DA:26,1
LF:12
LH:8
BRDA:9,0,0,1
BRDA:9,0,1,0
BRDA:9,1,0,1
BRF:3
BRH:2
end_of_record
TN:
SF:/Applications/XAMPP/xamppfiles/htdocs/contracts/moj/bar-web/src/app/services/user/user.service.ts
FN:4,(anonymous_2)
FN:8,UserService
FN:10,(anonymous_4)
FN:14,(anonymous_5)
FN:25,(anonymous_6)
FNF:5
FNH:3
FNDA:1,(anonymous_2)
FNDA:10,UserService
FNDA:15,(anonymous_4)
FNDA:0,(anonymous_5)
FNDA:0,(anonymous_6)
DA:1,1
DA:4,1
DA:6,10
DA:10,1
DA:11,15
DA:14,1
DA:15,0
DA:16,0
DA:17,0
DA:18,0
DA:19,0
DA:20,0
DA:22,0
DA:25,1
DA:26,0
DA:29,1
LF:16
LH:8
BRDA:15,0,0,0
BRDA:15,0,1,0
BRDA:15,1,0,0
BRDA:15,1,1,0
BRDA:18,2,0,0
BRDA:18,2,1,0
BRDA:18,3,0,0
BRDA:18,3,1,0
BRF:8
BRH:0
end_of_record
TN:
SF:/Applications/XAMPP/xamppfiles/htdocs/contracts/moj/bar-web/src/environments/environment.ts
FNF:0
FNH:0
DA:6,1
LF:1
LH:1
BRF:0
BRH:0
end_of_record
